<?xml version="1.0" encoding="UTF-8"?>
<!-- Generated by org.testng.reporters.JUnitReportReporter -->
<testsuite hostname="LAPTOP-R1MIDESK" failures="0" tests="1" name="testclasses.LoginPageTestClass" time="5.873" errors="0" timestamp="2025-07-17T13:44:49 IST" skipped="0">
  <testcase classname="testclasses.LoginPageTestClass" name="verifySuccessfullLogin" time="5.873"/>
</testsuite> <!-- testclasses.LoginPageTestClass -->
