<?xml version="1.0" encoding="UTF-8"?>
<!-- Generated by org.testng.reporters.JUnitReportReporter -->
<testsuite hostname="LAPTOP-R1MIDESK" failures="0" tests="1" name="testclasses.CalenderPageTest" time="9.280" errors="0" timestamp="2025-07-13T15:25:53 IST" skipped="0">
  <testcase classname="testclasses.CalenderPageTest" name="verifyToLoadCalenderPageWhileHittingCalenderMenu" time="9.280"/>
</testsuite> <!-- testclasses.CalenderPageTest -->
