<?xml version="1.0" encoding="UTF-8"?>
<!-- Generated by org.testng.reporters.JUnitReportReporter -->
<testsuite hostname="LAPTOP-R1MIDESK" failures="0" tests="1" name="testclasses.DashboardPageTestClass" time="8.479" errors="0" timestamp="2025-07-18T13:54:16 IST" skipped="0">
  <testcase classname="testclasses.DashboardPageTestClass" name="verifyLogoIsDisplayedAfterLogin" time="8.479"/>
</testsuite> <!-- testclasses.DashboardPageTestClass -->
