<?xml version="1.0" encoding="UTF-8"?>
<!-- Generated by org.testng.reporters.JUnitReportReporter -->
<testsuite hostname="LAPTOP-R1MIDESK" failures="0" tests="5" name="testclasses.LoginPageTestClass" time="18.910" errors="0" timestamp="2025-07-18T13:54:16 IST" skipped="0">
  <testcase classname="testclasses.LoginPageTestClass" name="verifyUnsuccessfullLogin" time="2.827"/>
  <testcase classname="testclasses.LoginPageTestClass" name="verifyUnsuccessfullLogin" time="2.635"/>
  <testcase classname="testclasses.LoginPageTestClass" name="verifyUnsuccessfullLogin" time="2.747"/>
  <testcase classname="testclasses.LoginPageTestClass" name="verifySuccessfullLogin" time="8.415"/>
  <testcase classname="testclasses.LoginPageTestClass" name="verifyRememberMeCheckboxFunctionality" time="2.286"/>
</testsuite> <!-- testclasses.LoginPageTestClass -->
