<?xml version="1.0" encoding="UTF-8"?>
<!-- Generated by org.testng.reporters.JUnitReportReporter -->
<testsuite hostname="LAPTOP-R1MIDESK" failures="0" tests="4" name="testclasses.LoginPageTestClass" time="36.110" errors="0" timestamp="2025-07-16T13:03:54 IST" skipped="0">
  <testcase classname="testclasses.LoginPageTestClass" name="verifyUnsuccessfullLogin" time="4.338"/>
  <testcase classname="testclasses.LoginPageTestClass" name="verifyUnsuccessfullLogin" time="4.783"/>
  <testcase classname="testclasses.LoginPageTestClass" name="verifyUnsuccessfullLogin" time="7.033"/>
  <testcase classname="testclasses.LoginPageTestClass" name="verifySuccessfullLogin" time="19.956"/>
</testsuite> <!-- testclasses.LoginPageTestClass -->
