<?xml version="1.0" encoding="UTF-8"?>
<!-- Generated by org.testng.reporters.JUnitReportReporter -->
<testsuite hostname="LAPTOP-R1MIDESK" failures="0" tests="1" name="testclasses.DashboardPageTestClass" time="7.295" errors="0" timestamp="2025-07-16T06:28:04 IST" skipped="0">
  <testcase classname="testclasses.DashboardPageTestClass" name="verifyLogoIsDisplayedAfterLogin" time="7.295"/>
</testsuite> <!-- testclasses.DashboardPageTestClass -->
