<?xml version="1.0" encoding="UTF-8"?>
<!-- Generated by org.testng.reporters.JUnitReportReporter -->
<testsuite hostname="LAPTOP-R1MIDESK" failures="0" tests="5" name="testclasses.LoginPageTestClass" time="17.750" errors="0" timestamp="2025-07-16T22:27:49 IST" skipped="0">
  <testcase classname="testclasses.LoginPageTestClass" name="verifyUnsuccessfullLogin" time="2.964"/>
  <testcase classname="testclasses.LoginPageTestClass" name="verifyUnsuccessfullLogin" time="2.676"/>
  <testcase classname="testclasses.LoginPageTestClass" name="verifyUnsuccessfullLogin" time="2.633"/>
  <testcase classname="testclasses.LoginPageTestClass" name="verifySuccessfullLogin" time="7.124"/>
  <testcase classname="testclasses.LoginPageTestClass" name="verifyRememberMeCheckboxFunctionality" time="2.353"/>
</testsuite> <!-- testclasses.LoginPageTestClass -->
